1665209486909	geckodriver	INFO	Listening on 127.0.0.1:53861
1665209489968	mozrunner::runner	INFO	Running command: "C:\\Program Files\\Mozilla Firefox\\firefox.exe" "--marionette" "--remote-debugging-port" "53862" "--remote-allow-hosts" "localhost" "-no-remote" "-profile" "C:\\Users\\Asus\\AppData\\Local\\Temp\\rust_mozprofiles2LtfS"
1665209490644	Marionette	INFO	Marionette enabled
1665209490652	Marionette	INFO	Listening on port 53872
Read port: 53872
WebDriver BiDi listening on ws://127.0.0.1:53862
1665209490815	RemoteAgent	WARN	TLS certificate errors will be ignored for this session
console.error: Region.jsm: "Error fetching region" (new Error("TIMEOUT", "resource://gre/modules/Region.jsm", 768))
console.error: Region.jsm: "Failed to fetch region" (new Error("TIMEOUT", "resource://gre/modules/Region.jsm", 420))
console.warn: SearchSettings: "get: No settings file exists, new profile?" (new NotFoundError("Could not open the file at C:\\Users\\Asus\\AppData\\Local\\Temp\\rust_mozprofiles2LtfS\\search.json.mozlz4", (void 0)))
DevTools listening on ws://127.0.0.1:53862/devtools/browser/81c1ce7a-f2ff-4082-b25d-420e5efd89dd
JavaScript error: , line 0: NS_ERROR_NOT_AVAILABLE
1665211005382	Marionette	INFO	Stopped listening on port 53872
console.warn: TopSitesFeed: Failed to fetch data from Contile server: NetworkError when attempting to fetch resource.
" "localhost" "-no-remote" "-profile" "C:\\Users\\Asus\\AppData\\Local\\Temp\\rust_mozprofileMRorcU"
1665209656945	Marionette	INFO	Marionette enabled
1665209656950	Marionette	INFO	Listening on port 54004
Read port: 54004
WebDriver BiDi listening on ws://127.0.0.1:53993
1665209657045	RemoteAgent	WARN	TLS certificate errors will be ignored for this session
console.warn: SearchSettings: "get: No settings file exists, new profile?" (new NotFoundError("Could not open the file at C:\\Users\\Asus\\AppData\\Local\\Temp\\rust_mozprofileMRorcU\\search.json.mozlz4", (void 0)))
DevTools listening on ws://127.0.0.1:53993/devtools/browser/a226126b-64e1-4992-93da-cc8ee7f6f879
console.error: Region.jsm: "Error fetching region" (new Error("TIMEOUT", "resource://gre/modules/Region.jsm", 768))
console.error: Region.jsm: "Failed to fetch region" (new Error("TIMEOUT", "resource://gre/modules/Region.jsm", 420))
JavaScript error: , line 0: NS_ERROR_NOT_AVAILABLE
1665211004716	Marionette	INFO	Stopped listening on port 54004
console.warn: TopSitesFeed: Failed to fetch data from Contile server: NetworkError when attempting to fetch resource.
" "localhost" "-no-remote" "-profile" "C:\\Users\\Asus\\AppData\\Local\\Temp\\rust_mozprofilehDIkDq"
1665209810421	Marionette	INFO	Marionette enabled
1665209810426	Marionette	INFO	Listening on port 54173
Read port: 54173
WebDriver BiDi listening on ws://127.0.0.1:54163
1665209810659	RemoteAgent	WARN	TLS certificate errors will be ignored for this session
console.warn: SearchSettings: "get: No settings file exists, new profile?" (new NotFoundError("Could not open the file at C:\\Users\\Asus\\AppData\\Local\\Temp\\rust_mozprofilehDIkDq\\search.json.mozlz4", (void 0)))
DevTools listening on ws://127.0.0.1:54163/devtools/browser/7013dc73-06a9-44f4-b03e-fb70050c30dd
1665209819987	Marionette	INFO	Stopped listening on port 54173
